<?xml version="1.0" encoding="UTF-8"?>
<!-- Generated by org.testng.reporters.JUnitXMLReporter -->
<testsuite hostname="Mds-MBP-2" ignored="2" name="Ecommerce Home" tests="2" failures="0" timestamp="09 Mar 2021 01:03:33 GMT" time="10.481" errors="0">
  <testcase name="searchTest" time="0.897" classname="pageobjectstests.HomePageTest"/>
  <testcase name="sendAMessageTest" time="2.143" classname="pageobjectstests.ContactUsTest"/>
  <testcase name="@BeforeSuite extentSetup" time="0.0" classname="browserdriver.BrowserDriver">
    <ignored/>
  </testcase> <!-- @BeforeSuite extentSetup -->
  <testcase name="@AfterSuite generateReport" time="0.0" classname="browserdriver.BrowserDriver">
    <ignored/>
  </testcase> <!-- @AfterSuite generateReport -->
</testsuite> <!-- Ecommerce Home -->
