<?xml version="1.0" encoding="UTF-8"?>
<!-- Generated by org.testng.reporters.JUnitXMLReporter -->
<testsuite hostname="Mds-MBP-2" ignored="2" name="Ecommerce Home" tests="2" failures="0" timestamp="04 Mar 2021 02:39:59 GMT" time="12.644" errors="0">
  <testcase name="searchTest" time="1.677" classname="pageobjectstests.HomePageTest"/>
  <testcase name="sendAMessageTest" time="2.018" classname="pageobjectstests.ContactUsTest"/>
  <testcase name="@BeforeSuite extentSetup" time="0.0" classname="browserdriver.BrowserDriver">
    <ignored/>
  </testcase> <!-- @BeforeSuite extentSetup -->
  <testcase name="@AfterSuite generateReport" time="0.0" classname="browserdriver.BrowserDriver">
    <ignored/>
  </testcase> <!-- @AfterSuite generateReport -->
</testsuite> <!-- Ecommerce Home -->
