<?xml version="1.0" encoding="UTF-8"?>
<testng-results skipped="0" failed="0" ignored="2" total="4" passed="2">
  <reporter-output>
    <line>
      <![CDATA[Extent Report Directory/Users/jahidul/IdeaProjects/WebAutomationB2003/automationpractice/target/surefire-reports/html]]>
    </line>
    <line>
      <![CDATA[Clicked Contact Us Button]]>
    </line>
    <line>
      <![CDATA[Send text to EmailBox]]>
    </line>
    <line>
      <![CDATA[junk@kunk.com Sent to EmailBox]]>
    </line>
    <line>
      <![CDATA[Send text to messageBox]]>
    </line>
    <line>
      <![CDATA[Provide me some junk information!!! Sent to messageBox]]>
    </line>
    <line>
      <![CDATA[CLick Submit Button]]>
    </line>
    <line>
      <![CDATA[CLicked Submit Button]]>
    </line>
    <line>
      <![CDATA[CLick Submit Button]]>
    </line>
    <line>
      <![CDATA[CLicked Submit Button]]>
    </line>
  </reporter-output>
  <suite name="Automation Test" duration-ms="10481" started-at="2021-03-09T01:03:23Z" finished-at="2021-03-09T01:03:33Z">
    <groups>
    </groups>
    <test name="Ecommerce Home" duration-ms="10481" started-at="2021-03-09T01:03:23Z" finished-at="2021-03-09T01:03:33Z">
      <class name="pageobjectstests.ContactUsTest">
        <test-method status="PASS" signature="setUp()[pri:0, instance:pageobjectstests.ContactUsTest@573f2bb1]" name="setUp" is-config="true" duration-ms="2947" started-at="2021-03-09T01:03:28Z" finished-at="2021-03-09T01:03:31Z">
          <reporter-output>
          </reporter-output>
        </test-method> <!-- setUp -->
        <test-method status="PASS" signature="initializeElements()[pri:0, instance:pageobjectstests.ContactUsTest@573f2bb1]" name="initializeElements" is-config="true" duration-ms="2" started-at="2021-03-09T01:03:31Z" finished-at="2021-03-09T01:03:31Z">
          <reporter-output>
          </reporter-output>
        </test-method> <!-- initializeElements -->
        <test-method status="PASS" signature="startExtent(java.lang.reflect.Method)[pri:0, instance:pageobjectstests.ContactUsTest@573f2bb1]" name="startExtent" is-config="true" duration-ms="0" started-at="2021-03-09T01:03:31Z" finished-at="2021-03-09T01:03:31Z">
          <params>
            <param index="0">
              <value>
                <![CDATA[public void pageobjectstests.ContactUsTest.sendAMessageTest()]]>
              </value>
            </param>
          </params>
          <reporter-output>
          </reporter-output>
        </test-method> <!-- startExtent -->
        <test-method status="PASS" signature="sendAMessageTest()[pri:0, instance:pageobjectstests.ContactUsTest@573f2bb1]" name="sendAMessageTest" duration-ms="2143" started-at="2021-03-09T01:03:31Z" finished-at="2021-03-09T01:03:33Z">
          <reporter-output>
            <line>
              <![CDATA[Clicked Contact Us Button]]>
            </line>
            <line>
              <![CDATA[Send text to EmailBox]]>
            </line>
            <line>
              <![CDATA[junk@kunk.com Sent to EmailBox]]>
            </line>
            <line>
              <![CDATA[Send text to messageBox]]>
            </line>
            <line>
              <![CDATA[Provide me some junk information!!! Sent to messageBox]]>
            </line>
            <line>
              <![CDATA[CLick Submit Button]]>
            </line>
            <line>
              <![CDATA[CLicked Submit Button]]>
            </line>
            <line>
              <![CDATA[CLick Submit Button]]>
            </line>
            <line>
              <![CDATA[CLicked Submit Button]]>
            </line>
          </reporter-output>
        </test-method> <!-- sendAMessageTest -->
        <test-method status="PASS" signature="afterEachTestMethod(org.testng.ITestResult)[pri:0, instance:pageobjectstests.ContactUsTest@573f2bb1]" name="afterEachTestMethod" is-config="true" duration-ms="137" started-at="2021-03-09T01:03:33Z" finished-at="2021-03-09T01:03:33Z">
          <params>
            <param index="0">
              <value>
                <![CDATA[[TestResult name=sendAMessageTest status=SUCCESS method=ContactUsTest.sendAMessageTest()[pri:0, instance:pageobjectstests.ContactUsTest@573f2bb1] output=Clicked Contact Us Button]]]>
              </value>
            </param>
          </params>
          <reporter-output>
          </reporter-output>
        </test-method> <!-- afterEachTestMethod -->
        <test-method status="PASS" signature="cleanUP()[pri:0, instance:pageobjectstests.ContactUsTest@573f2bb1]" name="cleanUP" is-config="true" duration-ms="0" started-at="2021-03-09T01:03:33Z" finished-at="2021-03-09T01:03:33Z">
          <reporter-output>
          </reporter-output>
        </test-method> <!-- cleanUP -->
      </class> <!-- pageobjectstests.ContactUsTest -->
      <class name="pageobjectstests.HomePageTest">
        <test-method status="PASS" signature="extentSetup(org.testng.ITestContext)[pri:0, instance:pageobjectstests.HomePageTest@402f32ff]" name="extentSetup" is-config="true" duration-ms="150" started-at="2021-03-09T01:03:22Z" finished-at="2021-03-09T01:03:23Z">
          <params>
            <param index="0">
              <value>
                <![CDATA[org.testng.TestRunner@7642df8f]]>
              </value>
            </param>
          </params>
          <reporter-output>
            <line>
              <![CDATA[Extent Report Directory/Users/jahidul/IdeaProjects/WebAutomationB2003/automationpractice/target/surefire-reports/html]]>
            </line>
          </reporter-output>
        </test-method> <!-- extentSetup -->
        <test-method status="PASS" signature="setUp()[pri:0, instance:pageobjectstests.HomePageTest@402f32ff]" name="setUp" is-config="true" duration-ms="3909" started-at="2021-03-09T01:03:23Z" finished-at="2021-03-09T01:03:26Z">
          <reporter-output>
          </reporter-output>
        </test-method> <!-- setUp -->
        <test-method status="PASS" signature="startExtent(java.lang.reflect.Method)[pri:0, instance:pageobjectstests.HomePageTest@402f32ff]" name="startExtent" is-config="true" duration-ms="5" started-at="2021-03-09T01:03:26Z" finished-at="2021-03-09T01:03:26Z">
          <params>
            <param index="0">
              <value>
                <![CDATA[public void pageobjectstests.HomePageTest.searchTest()]]>
              </value>
            </param>
          </params>
          <reporter-output>
          </reporter-output>
        </test-method> <!-- startExtent -->
        <test-method status="PASS" signature="initializeElements()[pri:0, instance:pageobjectstests.HomePageTest@402f32ff]" name="initializeElements" is-config="true" duration-ms="21" started-at="2021-03-09T01:03:26Z" finished-at="2021-03-09T01:03:26Z">
          <reporter-output>
          </reporter-output>
        </test-method> <!-- initializeElements -->
        <test-method status="PASS" signature="searchTest()[pri:0, instance:pageobjectstests.HomePageTest@402f32ff]" name="searchTest" duration-ms="897" started-at="2021-03-09T01:03:26Z" finished-at="2021-03-09T01:03:27Z">
          <reporter-output>
          </reporter-output>
        </test-method> <!-- searchTest -->
        <test-method status="PASS" signature="afterEachTestMethod(org.testng.ITestResult)[pri:0, instance:pageobjectstests.HomePageTest@402f32ff]" name="afterEachTestMethod" is-config="true" duration-ms="403" started-at="2021-03-09T01:03:27Z" finished-at="2021-03-09T01:03:28Z">
          <params>
            <param index="0">
              <value>
                <![CDATA[[TestResult name=searchTest status=SUCCESS method=HomePageTest.searchTest()[pri:0, instance:pageobjectstests.HomePageTest@402f32ff] output={null}]]]>
              </value>
            </param>
          </params>
          <reporter-output>
          </reporter-output>
        </test-method> <!-- afterEachTestMethod -->
        <test-method status="PASS" signature="cleanUP()[pri:0, instance:pageobjectstests.HomePageTest@402f32ff]" name="cleanUP" is-config="true" duration-ms="0" started-at="2021-03-09T01:03:28Z" finished-at="2021-03-09T01:03:28Z">
          <reporter-output>
          </reporter-output>
        </test-method> <!-- cleanUP -->
        <test-method status="PASS" signature="generateReport()[pri:0, instance:pageobjectstests.HomePageTest@402f32ff]" name="generateReport" is-config="true" duration-ms="33" started-at="2021-03-09T01:03:33Z" finished-at="2021-03-09T01:03:33Z">
          <reporter-output>
          </reporter-output>
        </test-method> <!-- generateReport -->
      </class> <!-- pageobjectstests.HomePageTest -->
    </test> <!-- Ecommerce Home -->
  </suite> <!-- Automation Test -->
</testng-results>
